<?xml version="1.0" encoding="UTF-8"?>
<!-- Generated by org.testng.reporters.JUnitReportReporter -->
<testsuite skipped="0" hostname="Jaspreet2893-Mac.local" name="com.pom.crimson.testcases.explore.ExplorePageTest" tests="9" failures="0" timestamp="2020-12-11T15:32:56 IST" time="930.068" errors="1">
  <testcase name="verifyNavigationToDiscoverTopicsPage_ExplorePageTest" time="74.577" classname="com.pom.crimson.testcases.explore.ExplorePageTest"/>
  <system-out/>
  <testcase name="verifyNavigationToBasedOnYourGroupsPage_ExplorePageTest" time="113.778" classname="com.pom.crimson.testcases.explore.ExplorePageTest">
    <error type="org.openqa.selenium.NoSuchElementException" message="Can&#039;t locate an element by this strategy: By.chained({By.xpath: //android.widget.TextView[@text=&#039;Skip&#039;]})">
      <![CDATA[org.openqa.selenium.NoSuchElementException: Can't locate an element by this strategy: By.chained({By.xpath: //android.widget.TextView[@text='Skip']})
at io.appium.java_client.pagefactory.AppiumElementLocator.findElement(AppiumElementLocator.java:126)
at io.appium.java_client.pagefactory.interceptors.InterceptorOfASingleElement.intercept(InterceptorOfASingleElement.java:59)
at io.appium.java_client.android.AndroidElement$$EnhancerByCGLIB$$b598166c.click(<generated>)
at com.pom.crimson.functions.GenericFunctions.clickElement(GenericFunctions.java:66)
at com.pom.crimson.pages.LoginPage.skipIntroScreens(LoginPage.java:78)
at com.pom.crimson.testcases.explore.ExplorePageTest.verifyNavigationToBasedOnYourGroupsPage_ExplorePageTest(ExplorePageTest.java:123)
at sun.reflect.NativeMethodAccessorImpl.invoke0(Native Method)
at sun.reflect.NativeMethodAccessorImpl.invoke(NativeMethodAccessorImpl.java:62)
at sun.reflect.DelegatingMethodAccessorImpl.invoke(DelegatingMethodAccessorImpl.java:43)
at java.lang.reflect.Method.invoke(Method.java:498)
at org.testng.internal.MethodInvocationHelper.invokeMethod(MethodInvocationHelper.java:134)
at org.testng.internal.TestInvoker.invokeMethod(TestInvoker.java:597)
at org.testng.internal.TestInvoker.invokeTestMethod(TestInvoker.java:173)
at org.testng.internal.MethodRunner.runInSequence(MethodRunner.java:46)
at org.testng.internal.TestInvoker$MethodInvocationAgent.invoke(TestInvoker.java:816)
at org.testng.internal.TestInvoker.invokeTestMethods(TestInvoker.java:146)
at org.testng.internal.TestMethodWorker.invokeTestMethods(TestMethodWorker.java:146)
at org.testng.internal.TestMethodWorker.run(TestMethodWorker.java:128)
at java.util.ArrayList.forEach(ArrayList.java:1259)
at org.testng.TestRunner.privateRun(TestRunner.java:766)
at org.testng.TestRunner.run(TestRunner.java:587)
at org.testng.SuiteRunner.runTest(SuiteRunner.java:384)
at org.testng.SuiteRunner.access$000(SuiteRunner.java:28)
at org.testng.SuiteRunner$SuiteWorker.run(SuiteRunner.java:425)
at org.testng.internal.thread.ThreadUtil.lambda$execute$0(ThreadUtil.java:68)
at java.util.concurrent.FutureTask.run(FutureTask.java:266)
at java.util.concurrent.ThreadPoolExecutor.runWorker(ThreadPoolExecutor.java:1149)
at java.util.concurrent.ThreadPoolExecutor$Worker.run(ThreadPoolExecutor.java:624)
at java.lang.Thread.run(Thread.java:748)
Caused by: org.openqa.selenium.TimeoutException: Expected condition failed: waiting for io.appium.java_client.pagefactory.AppiumElementLocator$WaitingFunction@3969411 (tried for 1 second(s) with 500 milliseconds interval)
at org.openqa.selenium.support.ui.FluentWait.timeoutException(FluentWait.java:304)
at org.openqa.selenium.support.ui.FluentWait.until(FluentWait.java:272)
at io.appium.java_client.pagefactory.AppiumElementLocator.waitFor(AppiumElementLocator.java:99)
at io.appium.java_client.pagefactory.AppiumElementLocator.findElement(AppiumElementLocator.java:119)
... 28 more
Caused by: org.openqa.selenium.NoSuchElementException: Cannot locate an element using By.chained({By.xpath: //android.widget.TextView[@text='Skip']})
For documentation on this error, please visit: https://www.seleniumhq.org/exceptions/no_such_element.html
Build info: version: '3.141.59', revision: 'e82be7d358', time: '2018-11-14T08:17:03'
System info: host: 'Jaspreet2893-Mac.local', ip: 'fe80:0:0:0:1005:4384:7003:a797%en0', os.name: 'Mac OS X', os.arch: 'x86_64', os.version: '10.15.6', java.version: '1.8.0_261'
Driver info: driver.version: AndroidDriver
at io.appium.java_client.pagefactory.bys.builder.ByChained.findElement(ByChained.java:74)
at org.openqa.selenium.remote.RemoteWebDriver.findElement(RemoteWebDriver.java:315)
at io.appium.java_client.DefaultGenericMobileDriver.findElement(DefaultGenericMobileDriver.java:57)
at io.appium.java_client.AppiumDriver.findElement(AppiumDriver.java:1)
at io.appium.java_client.android.AndroidDriver.findElement(AndroidDriver.java:1)
at io.appium.java_client.pagefactory.bys.ContentMappedBy.findElement(ContentMappedBy.java:50)
at org.openqa.selenium.remote.RemoteWebDriver.findElement(RemoteWebDriver.java:315)
at io.appium.java_client.DefaultGenericMobileDriver.findElement(DefaultGenericMobileDriver.java:57)
at io.appium.java_client.AppiumDriver.findElement(AppiumDriver.java:1)
at io.appium.java_client.android.AndroidDriver.findElement(AndroidDriver.java:1)
at io.appium.java_client.pagefactory.AppiumElementLocator.lambda$0(AppiumElementLocator.java:120)
at io.appium.java_client.pagefactory.AppiumElementLocator$WaitingFunction.apply(AppiumElementLocator.java:172)
at io.appium.java_client.pagefactory.AppiumElementLocator$WaitingFunction.apply(AppiumElementLocator.java:1)
at org.openqa.selenium.support.ui.FluentWait.until(FluentWait.java:249)
... 30 more
]]>
    </error>
  </testcase> <!-- verifyNavigationToBasedOnYourGroupsPage_ExplorePageTest -->
  <system-out/>
  <testcase name="verifyNavigationToUpdateInterestPage_ExplorePageTest" time="98.805" classname="com.pom.crimson.testcases.explore.ExplorePageTest"/>
  <system-out/>
  <testcase name="verifyNavigationDiscoverMore_ExplorePageTest" time="130.236" classname="com.pom.crimson.testcases.explore.ExplorePageTest"/>
  <system-out/>
  <testcase name="verifyClickInterestOnDiscoverMoreSection_ExplorePageTest" time="101.050" classname="com.pom.crimson.testcases.explore.ExplorePageTest"/>
  <system-out/>
  <testcase name="verifyClickingOfArticleInBasedOnIntrestSection_ExplorePageTest" time="109.561" classname="com.pom.crimson.testcases.explore.ExplorePageTest"/>
  <system-out/>
  <testcase name="verifyNavigationToContentPageBasedOnGroups_ExplorePageTest" time="87.144" classname="com.pom.crimson.testcases.explore.ExplorePageTest"/>
  <system-out/>
  <testcase name="verifyUnableToFindSection_ExplorePageTest" time="102.868" classname="com.pom.crimson.testcases.explore.ExplorePageTest"/>
  <system-out/>
  <testcase name="verifyNavigationFromUnableToFindSection_ExplorePageTest" time="112.049" classname="com.pom.crimson.testcases.explore.ExplorePageTest"/>
  <system-out/>
</testsuite> <!-- com.pom.crimson.testcases.explore.ExplorePageTest -->
