<?xml version="1.0" encoding="UTF-8"?>
<!-- Generated by org.testng.reporters.JUnitReportReporter -->
<testsuite skipped="11" hostname="Jaspreet2893-Mac.local" name="com.pom.crimson.testcases.momentlog.AddNewMomentPageTest" tests="31" failures="2" timestamp="2020-12-11T20:25:46 IST" time="2903.813" errors="3">
  <testcase name="deleteAllData_AddNewMomentPageTest" time="76.377" classname="com.pom.crimson.testcases.momentlog.AddNewMomentPageTest"/>
  <system-out/>
  <testcase name="verifyNavigationToAddNewMomentPage_AddNewMomentsPageTest" time="91.331" classname="com.pom.crimson.testcases.momentlog.AddNewMomentPageTest"/>
  <system-out/>
  <testcase name="selectSingleImageFromGallery_AddNewMomentsPageTest" time="120.289" classname="com.pom.crimson.testcases.momentlog.AddNewMomentPageTest"/>
  <system-out/>
  <testcase name="selectMultipleImageFromGallery_AddNewMomentsPageTest" time="167.881" classname="com.pom.crimson.testcases.momentlog.AddNewMomentPageTest">
    <failure type="java.lang.AssertionError" message="The following asserts failed:
	Check if All 5 Images are saved in backend  expected [5] but found [1]">
      <![CDATA[java.lang.AssertionError: The following asserts failed:
Check if All 5 Images are saved in backend  expected [5] but found [1]
at org.testng.asserts.SoftAssert.assertAll(SoftAssert.java:47)
at org.testng.asserts.SoftAssert.assertAll(SoftAssert.java:31)
at com.pom.crimson.testcases.momentlog.AddNewMomentPageTest.selectMultipleImageFromGallery_AddNewMomentsPageTest(AddNewMomentPageTest.java:217)
at sun.reflect.NativeMethodAccessorImpl.invoke0(Native Method)
at sun.reflect.NativeMethodAccessorImpl.invoke(NativeMethodAccessorImpl.java:62)
at sun.reflect.DelegatingMethodAccessorImpl.invoke(DelegatingMethodAccessorImpl.java:43)
at java.lang.reflect.Method.invoke(Method.java:498)
at org.testng.internal.MethodInvocationHelper.invokeMethod(MethodInvocationHelper.java:134)
at org.testng.internal.TestInvoker.invokeMethod(TestInvoker.java:597)
at org.testng.internal.TestInvoker.invokeTestMethod(TestInvoker.java:173)
at org.testng.internal.MethodRunner.runInSequence(MethodRunner.java:46)
at org.testng.internal.TestInvoker$MethodInvocationAgent.invoke(TestInvoker.java:816)
at org.testng.internal.TestInvoker.invokeTestMethods(TestInvoker.java:146)
at org.testng.internal.TestMethodWorker.invokeTestMethods(TestMethodWorker.java:146)
at org.testng.internal.TestMethodWorker.run(TestMethodWorker.java:128)
at java.util.ArrayList.forEach(ArrayList.java:1259)
at org.testng.TestRunner.privateRun(TestRunner.java:766)
at org.testng.TestRunner.run(TestRunner.java:587)
at org.testng.SuiteRunner.runTest(SuiteRunner.java:384)
at org.testng.SuiteRunner.runSequentially(SuiteRunner.java:378)
at org.testng.SuiteRunner.privateRun(SuiteRunner.java:337)
at org.testng.SuiteRunner.run(SuiteRunner.java:286)
at org.testng.SuiteRunnerWorker.runSuite(SuiteRunnerWorker.java:53)
at org.testng.SuiteRunnerWorker.run(SuiteRunnerWorker.java:96)
at org.testng.TestNG.runSuitesSequentially(TestNG.java:1187)
at org.testng.TestNG.runSuitesLocally(TestNG.java:1109)
at org.testng.TestNG.runSuites(TestNG.java:1039)
at org.testng.TestNG.run(TestNG.java:1007)
at org.testng.remote.AbstractRemoteTestNG.run(AbstractRemoteTestNG.java:115)
at org.testng.remote.RemoteTestNG.initAndRun(RemoteTestNG.java:251)
at org.testng.remote.RemoteTestNG.main(RemoteTestNG.java:77)
]]>
    </failure>
  </testcase> <!-- selectMultipleImageFromGallery_AddNewMomentsPageTest -->
  <system-out/>
  <testcase name="verifyPhotoLibraryToggle_AddNewMomentsPageTest" time="80.056" classname="com.pom.crimson.testcases.momentlog.AddNewMomentPageTest"/>
  <system-out/>
  <testcase name="verifyCameraToggle_AddNewMomentsPageTest" time="83.013" classname="com.pom.crimson.testcases.momentlog.AddNewMomentPageTest"/>
  <system-out/>
  <testcase name="verifyCameraAccept_AddNewMomentsPageTest" time="143.338" classname="com.pom.crimson.testcases.momentlog.AddNewMomentPageTest">
    <error type="org.openqa.selenium.NoSuchElementException" message="Can&#039;t locate an element by this strategy: By.chained({By.xpath: //android.widget.ImageView[@content-desc=&#039;Shutter&#039;]})">
      <![CDATA[org.openqa.selenium.NoSuchElementException: Can't locate an element by this strategy: By.chained({By.xpath: //android.widget.ImageView[@content-desc='Shutter']})
at io.appium.java_client.pagefactory.AppiumElementLocator.findElement(AppiumElementLocator.java:126)
at io.appium.java_client.pagefactory.interceptors.InterceptorOfASingleElement.intercept(InterceptorOfASingleElement.java:59)
at io.appium.java_client.android.AndroidElement$$EnhancerByCGLIB$$b598166c.click(<generated>)
at com.pom.crimson.functions.GenericFunctions.clickElement(GenericFunctions.java:66)
at com.pom.crimson.pages.AddNewMomentsPage.takePhoto(AddNewMomentsPage.java:638)
at com.pom.crimson.pages.AddNewMomentsPage.takePhotoAndAccept(AddNewMomentsPage.java:612)
at com.pom.crimson.pages.AddNewMomentsPage.verifyAccept(AddNewMomentsPage.java:650)
at com.pom.crimson.testcases.momentlog.AddNewMomentPageTest.verifyCameraAccept_AddNewMomentsPageTest(AddNewMomentPageTest.java:265)
at sun.reflect.NativeMethodAccessorImpl.invoke0(Native Method)
at sun.reflect.NativeMethodAccessorImpl.invoke(NativeMethodAccessorImpl.java:62)
at sun.reflect.DelegatingMethodAccessorImpl.invoke(DelegatingMethodAccessorImpl.java:43)
at java.lang.reflect.Method.invoke(Method.java:498)
at org.testng.internal.MethodInvocationHelper.invokeMethod(MethodInvocationHelper.java:134)
at org.testng.internal.TestInvoker.invokeMethod(TestInvoker.java:597)
at org.testng.internal.TestInvoker.invokeTestMethod(TestInvoker.java:173)
at org.testng.internal.MethodRunner.runInSequence(MethodRunner.java:46)
at org.testng.internal.TestInvoker$MethodInvocationAgent.invoke(TestInvoker.java:816)
at org.testng.internal.TestInvoker.invokeTestMethods(TestInvoker.java:146)
at org.testng.internal.TestMethodWorker.invokeTestMethods(TestMethodWorker.java:146)
at org.testng.internal.TestMethodWorker.run(TestMethodWorker.java:128)
at java.util.ArrayList.forEach(ArrayList.java:1259)
at org.testng.TestRunner.privateRun(TestRunner.java:766)
at org.testng.TestRunner.run(TestRunner.java:587)
at org.testng.SuiteRunner.runTest(SuiteRunner.java:384)
at org.testng.SuiteRunner.runSequentially(SuiteRunner.java:378)
at org.testng.SuiteRunner.privateRun(SuiteRunner.java:337)
at org.testng.SuiteRunner.run(SuiteRunner.java:286)
at org.testng.SuiteRunnerWorker.runSuite(SuiteRunnerWorker.java:53)
at org.testng.SuiteRunnerWorker.run(SuiteRunnerWorker.java:96)
at org.testng.TestNG.runSuitesSequentially(TestNG.java:1187)
at org.testng.TestNG.runSuitesLocally(TestNG.java:1109)
at org.testng.TestNG.runSuites(TestNG.java:1039)
at org.testng.TestNG.run(TestNG.java:1007)
at org.testng.remote.AbstractRemoteTestNG.run(AbstractRemoteTestNG.java:115)
at org.testng.remote.RemoteTestNG.initAndRun(RemoteTestNG.java:251)
at org.testng.remote.RemoteTestNG.main(RemoteTestNG.java:77)
Caused by: org.openqa.selenium.TimeoutException: Expected condition failed: waiting for io.appium.java_client.pagefactory.AppiumElementLocator$WaitingFunction@3e844bec (tried for 1 second(s) with 500 milliseconds interval)
at org.openqa.selenium.support.ui.FluentWait.timeoutException(FluentWait.java:304)
at org.openqa.selenium.support.ui.FluentWait.until(FluentWait.java:272)
at io.appium.java_client.pagefactory.AppiumElementLocator.waitFor(AppiumElementLocator.java:99)
at io.appium.java_client.pagefactory.AppiumElementLocator.findElement(AppiumElementLocator.java:119)
... 35 more
Caused by: org.openqa.selenium.NoSuchElementException: Cannot locate an element using By.chained({By.xpath: //android.widget.ImageView[@content-desc='Shutter']})
For documentation on this error, please visit: https://www.seleniumhq.org/exceptions/no_such_element.html
Build info: version: '3.141.59', revision: 'e82be7d358', time: '2018-11-14T08:17:03'
System info: host: 'Jaspreet2893-Mac.local', ip: 'fe80:0:0:0:1005:4384:7003:a797%en0', os.name: 'Mac OS X', os.arch: 'x86_64', os.version: '10.15.6', java.version: '1.8.0_261'
Driver info: driver.version: AndroidDriver
at io.appium.java_client.pagefactory.bys.builder.ByChained.findElement(ByChained.java:74)
at org.openqa.selenium.remote.RemoteWebDriver.findElement(RemoteWebDriver.java:315)
at io.appium.java_client.DefaultGenericMobileDriver.findElement(DefaultGenericMobileDriver.java:57)
at io.appium.java_client.AppiumDriver.findElement(AppiumDriver.java:1)
at io.appium.java_client.android.AndroidDriver.findElement(AndroidDriver.java:1)
at io.appium.java_client.pagefactory.bys.ContentMappedBy.findElement(ContentMappedBy.java:50)
at org.openqa.selenium.remote.RemoteWebDriver.findElement(RemoteWebDriver.java:315)
at io.appium.java_client.DefaultGenericMobileDriver.findElement(DefaultGenericMobileDriver.java:57)
at io.appium.java_client.AppiumDriver.findElement(AppiumDriver.java:1)
at io.appium.java_client.android.AndroidDriver.findElement(AndroidDriver.java:1)
at io.appium.java_client.pagefactory.AppiumElementLocator.lambda$0(AppiumElementLocator.java:120)
at io.appium.java_client.pagefactory.AppiumElementLocator$WaitingFunction.apply(AppiumElementLocator.java:172)
at io.appium.java_client.pagefactory.AppiumElementLocator$WaitingFunction.apply(AppiumElementLocator.java:1)
at org.openqa.selenium.support.ui.FluentWait.until(FluentWait.java:249)
... 37 more
]]>
    </error>
  </testcase> <!-- verifyCameraAccept_AddNewMomentsPageTest -->
  <system-out/>
  <testcase name="verifyCameraReject_AddNewMomentsPageTest" time="123.857" classname="com.pom.crimson.testcases.momentlog.AddNewMomentPageTest"/>
  <system-out/>
  <testcase name="verifyCameraRetake_AddNewMomentsPageTest" time="105.494" classname="com.pom.crimson.testcases.momentlog.AddNewMomentPageTest"/>
  <system-out/>
  <testcase name="verifyMomentForMyselfWithNote_AddNewMomentsPageTest" time="103.144" classname="com.pom.crimson.testcases.momentlog.AddNewMomentPageTest">
    <error type="java.lang.NullPointerException">
      <![CDATA[java.lang.NullPointerException
at com.pom.crimson.listeners.LogAssert.onAssertFailure(LogAssert.java:22)
at org.testng.asserts.SoftAssert.doAssert(SoftAssert.java:23)
at org.testng.asserts.Assertion.assertEquals(Assertion.java:172)
at com.pom.crimson.testcases.momentlog.AddNewMomentPageTest.verifyMomentForMyselfWithNote_AddNewMomentsPageTest(AddNewMomentPageTest.java:331)
at sun.reflect.NativeMethodAccessorImpl.invoke0(Native Method)
at sun.reflect.NativeMethodAccessorImpl.invoke(NativeMethodAccessorImpl.java:62)
at sun.reflect.DelegatingMethodAccessorImpl.invoke(DelegatingMethodAccessorImpl.java:43)
at java.lang.reflect.Method.invoke(Method.java:498)
at org.testng.internal.MethodInvocationHelper.invokeMethod(MethodInvocationHelper.java:134)
at org.testng.internal.TestInvoker.invokeMethod(TestInvoker.java:597)
at org.testng.internal.TestInvoker.invokeTestMethod(TestInvoker.java:173)
at org.testng.internal.MethodRunner.runInSequence(MethodRunner.java:46)
at org.testng.internal.TestInvoker$MethodInvocationAgent.invoke(TestInvoker.java:816)
at org.testng.internal.TestInvoker.invokeTestMethods(TestInvoker.java:146)
at org.testng.internal.TestMethodWorker.invokeTestMethods(TestMethodWorker.java:146)
at org.testng.internal.TestMethodWorker.run(TestMethodWorker.java:128)
at java.util.ArrayList.forEach(ArrayList.java:1259)
at org.testng.TestRunner.privateRun(TestRunner.java:766)
at org.testng.TestRunner.run(TestRunner.java:587)
at org.testng.SuiteRunner.runTest(SuiteRunner.java:384)
at org.testng.SuiteRunner.runSequentially(SuiteRunner.java:378)
at org.testng.SuiteRunner.privateRun(SuiteRunner.java:337)
at org.testng.SuiteRunner.run(SuiteRunner.java:286)
at org.testng.SuiteRunnerWorker.runSuite(SuiteRunnerWorker.java:53)
at org.testng.SuiteRunnerWorker.run(SuiteRunnerWorker.java:96)
at org.testng.TestNG.runSuitesSequentially(TestNG.java:1187)
at org.testng.TestNG.runSuitesLocally(TestNG.java:1109)
at org.testng.TestNG.runSuites(TestNG.java:1039)
at org.testng.TestNG.run(TestNG.java:1007)
at org.testng.remote.AbstractRemoteTestNG.run(AbstractRemoteTestNG.java:115)
at org.testng.remote.RemoteTestNG.initAndRun(RemoteTestNG.java:251)
at org.testng.remote.RemoteTestNG.main(RemoteTestNG.java:77)
]]>
    </error>
  </testcase> <!-- verifyMomentForMyselfWithNote_AddNewMomentsPageTest -->
  <system-out/>
  <testcase name="verifyManageProfileLink_AddNewMomentsPageTest" time="91.641" classname="com.pom.crimson.testcases.momentlog.AddNewMomentPageTest"/>
  <system-out/>
  <testcase name="verifyMomentCreationWithPregnancyMilestone_AddNewMomentsPageTest" time="208.127" classname="com.pom.crimson.testcases.momentlog.AddNewMomentPageTest"/>
  <system-out/>
  <testcase name="verifyMyselfTabForExperiencedParents_AddNewMomentsPageTest" time="285.710" classname="com.pom.crimson.testcases.momentlog.AddNewMomentPageTest"/>
  <system-out/>
  <testcase name="verifyMyselfTabForNewParents_AddNewMomentsPageTest" time="291.203" classname="com.pom.crimson.testcases.momentlog.AddNewMomentPageTest"/>
  <system-out/>
  <testcase name="verifyMyselfTabForParentToBe_AddNewMomentsPageTest" time="206.744" classname="com.pom.crimson.testcases.momentlog.AddNewMomentPageTest"/>
  <system-out/>
  <testcase name="verifyMomentDeletion_AddNewMomentsPageTest" time="182.272" classname="com.pom.crimson.testcases.momentlog.AddNewMomentPageTest">
    <failure type="java.lang.AssertionError" message="The following asserts failed:
	Check if id of moment is removed from backend list expected [false] but found [true]">
      <![CDATA[java.lang.AssertionError: The following asserts failed:
Check if id of moment is removed from backend list expected [false] but found [true]
at org.testng.asserts.SoftAssert.assertAll(SoftAssert.java:47)
at org.testng.asserts.SoftAssert.assertAll(SoftAssert.java:31)
at com.pom.crimson.testcases.momentlog.AddNewMomentPageTest.verifyMomentDeletion_AddNewMomentsPageTest(AddNewMomentPageTest.java:733)
at sun.reflect.NativeMethodAccessorImpl.invoke0(Native Method)
at sun.reflect.NativeMethodAccessorImpl.invoke(NativeMethodAccessorImpl.java:62)
at sun.reflect.DelegatingMethodAccessorImpl.invoke(DelegatingMethodAccessorImpl.java:43)
at java.lang.reflect.Method.invoke(Method.java:498)
at org.testng.internal.MethodInvocationHelper.invokeMethod(MethodInvocationHelper.java:134)
at org.testng.internal.TestInvoker.invokeMethod(TestInvoker.java:597)
at org.testng.internal.TestInvoker.invokeTestMethod(TestInvoker.java:173)
at org.testng.internal.MethodRunner.runInSequence(MethodRunner.java:46)
at org.testng.internal.TestInvoker$MethodInvocationAgent.invoke(TestInvoker.java:816)
at org.testng.internal.TestInvoker.invokeTestMethods(TestInvoker.java:146)
at org.testng.internal.TestMethodWorker.invokeTestMethods(TestMethodWorker.java:146)
at org.testng.internal.TestMethodWorker.run(TestMethodWorker.java:128)
at java.util.ArrayList.forEach(ArrayList.java:1259)
at org.testng.TestRunner.privateRun(TestRunner.java:766)
at org.testng.TestRunner.run(TestRunner.java:587)
at org.testng.SuiteRunner.runTest(SuiteRunner.java:384)
at org.testng.SuiteRunner.runSequentially(SuiteRunner.java:378)
at org.testng.SuiteRunner.privateRun(SuiteRunner.java:337)
at org.testng.SuiteRunner.run(SuiteRunner.java:286)
at org.testng.SuiteRunnerWorker.runSuite(SuiteRunnerWorker.java:53)
at org.testng.SuiteRunnerWorker.run(SuiteRunnerWorker.java:96)
at org.testng.TestNG.runSuitesSequentially(TestNG.java:1187)
at org.testng.TestNG.runSuitesLocally(TestNG.java:1109)
at org.testng.TestNG.runSuites(TestNG.java:1039)
at org.testng.TestNG.run(TestNG.java:1007)
at org.testng.remote.AbstractRemoteTestNG.run(AbstractRemoteTestNG.java:115)
at org.testng.remote.RemoteTestNG.initAndRun(RemoteTestNG.java:251)
at org.testng.remote.RemoteTestNG.main(RemoteTestNG.java:77)
]]>
    </failure>
  </testcase> <!-- verifyMomentDeletion_AddNewMomentsPageTest -->
  <system-out/>
  <testcase name="verifyCrossBtn_AddNewMomentsPageTest" time="144.986" classname="com.pom.crimson.testcases.momentlog.AddNewMomentPageTest"/>
  <system-out/>
  <testcase name="verifyCameraImageMoment_AddNewMomentPageTest" time="133.045" classname="com.pom.crimson.testcases.momentlog.AddNewMomentPageTest"/>
  <system-out/>
  <testcase name="verifyDateSelection_AddNewMomentPageTest" time="85.783" classname="com.pom.crimson.testcases.momentlog.AddNewMomentPageTest"/>
  <system-out/>
  <testcase name="verifyMomentCreationChildMilestoneNote_AddNewMomentPageTest" time="179.522" classname="com.pom.crimson.testcases.momentlog.AddNewMomentPageTest">
    <error type="java.lang.NullPointerException">
      <![CDATA[java.lang.NullPointerException
at com.pom.crimson.listeners.LogAssert.onAssertFailure(LogAssert.java:22)
at org.testng.asserts.SoftAssert.doAssert(SoftAssert.java:23)
at org.testng.asserts.Assertion.assertNotNull(Assertion.java:364)
at com.pom.crimson.testcases.momentlog.AddNewMomentPageTest.verifyMomentCreationChildMilestoneNote_AddNewMomentPageTest(AddNewMomentPageTest.java:1137)
at sun.reflect.NativeMethodAccessorImpl.invoke0(Native Method)
at sun.reflect.NativeMethodAccessorImpl.invoke(NativeMethodAccessorImpl.java:62)
at sun.reflect.DelegatingMethodAccessorImpl.invoke(DelegatingMethodAccessorImpl.java:43)
at java.lang.reflect.Method.invoke(Method.java:498)
at org.testng.internal.MethodInvocationHelper.invokeMethod(MethodInvocationHelper.java:134)
at org.testng.internal.TestInvoker.invokeMethod(TestInvoker.java:597)
at org.testng.internal.TestInvoker.invokeTestMethod(TestInvoker.java:173)
at org.testng.internal.MethodRunner.runInSequence(MethodRunner.java:46)
at org.testng.internal.TestInvoker$MethodInvocationAgent.invoke(TestInvoker.java:816)
at org.testng.internal.TestInvoker.invokeTestMethods(TestInvoker.java:146)
at org.testng.internal.TestMethodWorker.invokeTestMethods(TestMethodWorker.java:146)
at org.testng.internal.TestMethodWorker.run(TestMethodWorker.java:128)
at java.util.ArrayList.forEach(ArrayList.java:1259)
at org.testng.TestRunner.privateRun(TestRunner.java:766)
at org.testng.TestRunner.run(TestRunner.java:587)
at org.testng.SuiteRunner.runTest(SuiteRunner.java:384)
at org.testng.SuiteRunner.runSequentially(SuiteRunner.java:378)
at org.testng.SuiteRunner.privateRun(SuiteRunner.java:337)
at org.testng.SuiteRunner.run(SuiteRunner.java:286)
at org.testng.SuiteRunnerWorker.runSuite(SuiteRunnerWorker.java:53)
at org.testng.SuiteRunnerWorker.run(SuiteRunnerWorker.java:96)
at org.testng.TestNG.runSuitesSequentially(TestNG.java:1187)
at org.testng.TestNG.runSuitesLocally(TestNG.java:1109)
at org.testng.TestNG.runSuites(TestNG.java:1039)
at org.testng.TestNG.run(TestNG.java:1007)
at org.testng.remote.AbstractRemoteTestNG.run(AbstractRemoteTestNG.java:115)
at org.testng.remote.RemoteTestNG.initAndRun(RemoteTestNG.java:251)
at org.testng.remote.RemoteTestNG.main(RemoteTestNG.java:77)
]]>
    </error>
  </testcase> <!-- verifyMomentCreationChildMilestoneNote_AddNewMomentPageTest -->
  <system-out/>
  <testcase name="verifyErrorInvalidWeightZero_EditMomentPageTest" classname="com.pom.crimson.testcases.momentlog.AddNewMomentPageTest">
    <skipped/>
  </testcase> <!-- verifyErrorInvalidWeightZero_EditMomentPageTest -->
  <system-out/>
  <testcase name="verifyErrorInvalidWeightSpclChars_EditMomentPageTest" classname="com.pom.crimson.testcases.momentlog.AddNewMomentPageTest">
    <skipped/>
  </testcase> <!-- verifyErrorInvalidWeightSpclChars_EditMomentPageTest -->
  <system-out/>
  <testcase name="verifyMyselfGreyOutOnChildTabSelection_AddNewMomentsPageTest" classname="com.pom.crimson.testcases.momentlog.AddNewMomentPageTest">
    <skipped/>
  </testcase> <!-- verifyMyselfGreyOutOnChildTabSelection_AddNewMomentsPageTest -->
  <system-out/>
  <testcase name="verifyErrorInvalidHeightZero_EditMomentPageTest" classname="com.pom.crimson.testcases.momentlog.AddNewMomentPageTest">
    <skipped/>
  </testcase> <!-- verifyErrorInvalidHeightZero_EditMomentPageTest -->
  <system-out/>
  <testcase name="verifyErrorInvalidHeightSpclChars_EditMomentPageTest" classname="com.pom.crimson.testcases.momentlog.AddNewMomentPageTest">
    <skipped/>
  </testcase> <!-- verifyErrorInvalidHeightSpclChars_EditMomentPageTest -->
  <system-out/>
  <testcase name="verifyMoreThan5Images_AddNewMomentPageTest" classname="com.pom.crimson.testcases.momentlog.AddNewMomentPageTest">
    <skipped/>
  </testcase> <!-- verifyMoreThan5Images_AddNewMomentPageTest -->
  <system-out/>
  <testcase name="verifyMomentForMyselfWithImageNote_AddNewMomentsPageTest" classname="com.pom.crimson.testcases.momentlog.AddNewMomentPageTest">
    <skipped/>
  </testcase> <!-- verifyMomentForMyselfWithImageNote_AddNewMomentsPageTest -->
  <system-out/>
  <testcase name="verifySaveNote500Chars_AddNewMomentPageTest" classname="com.pom.crimson.testcases.momentlog.AddNewMomentPageTest">
    <skipped/>
  </testcase> <!-- verifySaveNote500Chars_AddNewMomentPageTest -->
  <system-out/>
  <testcase name="verifyFirstImageDelete_AddNewMomentPageTest" classname="com.pom.crimson.testcases.momentlog.AddNewMomentPageTest">
    <skipped/>
  </testcase> <!-- verifyFirstImageDelete_AddNewMomentPageTest -->
  <system-out/>
  <testcase name="verifyMyselfTabForPlanningBaby_AddNewMomentsPageTest" classname="com.pom.crimson.testcases.momentlog.AddNewMomentPageTest">
    <skipped/>
  </testcase> <!-- verifyMyselfTabForPlanningBaby_AddNewMomentsPageTest -->
  <system-out/>
  <testcase name="verifySaveNoteMoreThan500Chars_AddNewMomentPageTest" classname="com.pom.crimson.testcases.momentlog.AddNewMomentPageTest">
    <skipped/>
  </testcase> <!-- verifySaveNoteMoreThan500Chars_AddNewMomentPageTest -->
  <system-out/>
</testsuite> <!-- com.pom.crimson.testcases.momentlog.AddNewMomentPageTest -->
