<?xml version="1.0" encoding="UTF-8"?>
<!-- Generated by org.testng.reporters.JUnitXMLReporter -->
<testsuite hostname="Jaspreet2893-Mac.local" ignored="23" name="Default test" tests="1" failures="0" timestamp="2020-12-15T11:42:25 IST" time="0.038" errors="0">
  <testcase name="@BeforeTest beforeTest" time="-1.608012740072E9" classname="com.pom.crimson.base.BaseFixture">
    <failure type="org.testng.TestNGException" message="
Parameter &amp;apos;platformName&amp;apos; is required by BeforeTest on method beforeTest but has not been marked @Optional or defined
in /private/var/folders/yc/cpj0dgpd3gzf_ppj2br1svww0000gq/T/testng-eclipse--2095425551/testng-customsuite.xml">
      <![CDATA[org.testng.TestNGException: 
Parameter 'platformName' is required by BeforeTest on method beforeTest but has not been marked @Optional or defined
in /private/var/folders/yc/cpj0dgpd3gzf_ppj2br1svww0000gq/T/testng-eclipse--2095425551/testng-customsuite.xml
at org.testng.internal.Parameters.createParams(Parameters.java:272)
at org.testng.internal.Parameters.createParametersForMethod(Parameters.java:360)
at org.testng.internal.Parameters.createParameters(Parameters.java:704)
at org.testng.internal.Parameters.createConfigurationParameters(Parameters.java:166)
at org.testng.internal.ConfigInvoker.invokeConfigurations(ConfigInvoker.java:283)
at org.testng.TestRunner.invokeTestConfigurations(TestRunner.java:619)
at org.testng.TestRunner.beforeRun(TestRunner.java:609)
at org.testng.TestRunner.run(TestRunner.java:580)
at org.testng.SuiteRunner.runTest(SuiteRunner.java:384)
at org.testng.SuiteRunner.runSequentially(SuiteRunner.java:378)
at org.testng.SuiteRunner.privateRun(SuiteRunner.java:337)
at org.testng.SuiteRunner.run(SuiteRunner.java:286)
at org.testng.SuiteRunnerWorker.runSuite(SuiteRunnerWorker.java:53)
at org.testng.SuiteRunnerWorker.run(SuiteRunnerWorker.java:96)
at org.testng.TestNG.runSuitesSequentially(TestNG.java:1187)
at org.testng.TestNG.runSuitesLocally(TestNG.java:1109)
at org.testng.TestNG.runSuites(TestNG.java:1039)
at org.testng.TestNG.run(TestNG.java:1007)
at org.testng.remote.AbstractRemoteTestNG.run(AbstractRemoteTestNG.java:115)
at org.testng.remote.RemoteTestNG.initAndRun(RemoteTestNG.java:251)
at org.testng.remote.RemoteTestNG.main(RemoteTestNG.java:77)
]]>
    </failure>
  </testcase> <!-- @BeforeTest beforeTest -->
  <testcase name="@BeforeMethod beforeMethod" time="-1.608012740099E9" classname="com.pom.crimson.base.BaseFixture">
    <skipped/>
  </testcase> <!-- @BeforeMethod beforeMethod -->
  <testcase name="@BeforeMethod beforeLocalMethod" time="-1.608012740101E9" classname="com.pom.crimson.testcases.momentlog.medium.GrowthLogPageTest">
    <skipped/>
  </testcase> <!-- @BeforeMethod beforeLocalMethod -->
  <testcase name="@AfterMethod afterMethod" time="-1.608012740104E9" classname="com.pom.crimson.base.BaseFixture">
    <skipped/>
  </testcase> <!-- @AfterMethod afterMethod -->
  <testcase name="@AfterTest afterTest" time="-1.608012740106E9" classname="com.pom.crimson.base.BaseFixture">
    <skipped/>
  </testcase> <!-- @AfterTest afterTest -->
  <testcase name="verifyMomentCreationWithImageHeight_GrowthLogPageTest" time="0.0" classname="com.pom.crimson.testcases.momentlog.medium.GrowthLogPageTest">
    <skipped/>
  </testcase> <!-- verifyMomentCreationWithImageHeight_GrowthLogPageTest -->
  <testcase name="verifyAddMomentSectionIsDisplayed_GrowthLogTest" time="0.0" classname="com.pom.crimson.testcases.momentlog.medium.GrowthLogPageTest">
    <ignored/>
  </testcase> <!-- verifyAddMomentSectionIsDisplayed_GrowthLogTest -->
  <testcase name="verifyCrossBtnFullImageView_GrowthLogPageTest" time="0.0" classname="com.pom.crimson.testcases.momentlog.medium.GrowthLogPageTest">
    <ignored/>
  </testcase> <!-- verifyCrossBtnFullImageView_GrowthLogPageTest -->
  <testcase name="verifyFullPageImageView_GrowthLogPageTest" time="0.0" classname="com.pom.crimson.testcases.momentlog.medium.GrowthLogPageTest">
    <ignored/>
  </testcase> <!-- verifyFullPageImageView_GrowthLogPageTest -->
  <testcase name="verifyBackButton_GrowthLogPageTest" time="0.0" classname="com.pom.crimson.testcases.momentlog.medium.GrowthLogPageTest">
    <ignored/>
  </testcase> <!-- verifyBackButton_GrowthLogPageTest -->
  <testcase name="verifyMomentShareExternalAppsWithoutImage_GrowthLogPageTest" time="0.0" classname="com.pom.crimson.testcases.momentlog.medium.GrowthLogPageTest">
    <ignored/>
  </testcase> <!-- verifyMomentShareExternalAppsWithoutImage_GrowthLogPageTest -->
  <testcase name="verifyGrowthLogLinkIsDisplayed_GrowthLogTest" time="0.0" classname="com.pom.crimson.testcases.momentlog.medium.GrowthLogPageTest">
    <ignored/>
  </testcase> <!-- verifyGrowthLogLinkIsDisplayed_GrowthLogTest -->
  <testcase name="verifyMoreButtonFullPageImageView_GrowthLogPageTest" time="0.0" classname="com.pom.crimson.testcases.momentlog.medium.GrowthLogPageTest">
    <ignored/>
  </testcase> <!-- verifyMoreButtonFullPageImageView_GrowthLogPageTest -->
  <testcase name="verifyDeleteMomentCardWithoutImage_GrowthLogPageTest" time="0.0" classname="com.pom.crimson.testcases.momentlog.medium.GrowthLogPageTest">
    <ignored/>
  </testcase> <!-- verifyDeleteMomentCardWithoutImage_GrowthLogPageTest -->
  <testcase name="verifyMomentWithoutImageShareInGroupChat_GrowthLogPageTest" time="0.0" classname="com.pom.crimson.testcases.momentlog.medium.GrowthLogPageTest">
    <ignored/>
  </testcase> <!-- verifyMomentWithoutImageShareInGroupChat_GrowthLogPageTest -->
  <testcase name="verifyMomentCreationWithWeight_GrowthLogPageTest" time="0.0" classname="com.pom.crimson.testcases.momentlog.medium.GrowthLogPageTest">
    <ignored/>
  </testcase> <!-- verifyMomentCreationWithWeight_GrowthLogPageTest -->
  <testcase name="verifyShareInGroupChatFullImageView_GrowthLogPageTest" time="0.0" classname="com.pom.crimson.testcases.momentlog.medium.GrowthLogPageTest">
    <ignored/>
  </testcase> <!-- verifyShareInGroupChatFullImageView_GrowthLogPageTest -->
  <testcase name="verifyMomentCreationWithImageMilestoneNoteHeightWeight_GrowthLogPageTest" time="0.0" classname="com.pom.crimson.testcases.momentlog.medium.GrowthLogPageTest">
    <ignored/>
  </testcase> <!-- verifyMomentCreationWithImageMilestoneNoteHeightWeight_GrowthLogPageTest -->
  <testcase name="deleteAllData_GrowthLogPageTest" time="0.0" classname="com.pom.crimson.testcases.momentlog.medium.GrowthLogPageTest">
    <ignored/>
  </testcase> <!-- deleteAllData_GrowthLogPageTest -->
  <testcase name="verifyNavgationToAddNewMomentScreenFromGrowthLog_GrowthLogTest" time="0.0" classname="com.pom.crimson.testcases.momentlog.medium.GrowthLogPageTest">
    <ignored/>
  </testcase> <!-- verifyNavgationToAddNewMomentScreenFromGrowthLog_GrowthLogTest -->
  <testcase name="verifyEditMomentCardWithoutImage_GrowthLogPageTest" time="0.0" classname="com.pom.crimson.testcases.momentlog.medium.GrowthLogPageTest">
    <ignored/>
  </testcase> <!-- verifyEditMomentCardWithoutImage_GrowthLogPageTest -->
  <testcase name="verifyShareInExternalAppsFullImageView_GrowthLogPageTest" time="0.0" classname="com.pom.crimson.testcases.momentlog.medium.GrowthLogPageTest">
    <ignored/>
  </testcase> <!-- verifyShareInExternalAppsFullImageView_GrowthLogPageTest -->
  <testcase name="verifyNavigationToGrowthLogPage_GrowthLogTest" time="0.0" classname="com.pom.crimson.testcases.momentlog.medium.GrowthLogPageTest">
    <ignored/>
  </testcase> <!-- verifyNavigationToGrowthLogPage_GrowthLogTest -->
  <testcase name="verifyMomentCreationWithImageWeight_GrowthLogPageTest" time="0.0" classname="com.pom.crimson.testcases.momentlog.medium.GrowthLogPageTest">
    <ignored/>
  </testcase> <!-- verifyMomentCreationWithImageWeight_GrowthLogPageTest -->
  <testcase name="verifyMomentCreationWithHeight_GrowthLogPageTest" time="0.0" classname="com.pom.crimson.testcases.momentlog.medium.GrowthLogPageTest">
    <ignored/>
  </testcase> <!-- verifyMomentCreationWithHeight_GrowthLogPageTest -->
  <testcase name="verifyRemoveHeightWeight_GrowthLogPageTest" time="0.0" classname="com.pom.crimson.testcases.momentlog.medium.GrowthLogPageTest">
    <ignored/>
  </testcase> <!-- verifyRemoveHeightWeight_GrowthLogPageTest -->
  <testcase name="verifyMomentCreationWithMilestoneNoteHeightWeight_GrowthLogPageTest" time="0.0" classname="com.pom.crimson.testcases.momentlog.medium.GrowthLogPageTest">
    <ignored/>
  </testcase> <!-- verifyMomentCreationWithMilestoneNoteHeightWeight_GrowthLogPageTest -->
  <testcase name="verifyMomentCreationWithHeightWeight_GrowthLogPageTest" time="0.0" classname="com.pom.crimson.testcases.momentlog.medium.GrowthLogPageTest">
    <ignored/>
  </testcase> <!-- verifyMomentCreationWithHeightWeight_GrowthLogPageTest -->
  <testcase name="verifyEditMomentFullImageView_GrowthLogPageTest" time="0.0" classname="com.pom.crimson.testcases.momentlog.medium.GrowthLogPageTest">
    <ignored/>
  </testcase> <!-- verifyEditMomentFullImageView_GrowthLogPageTest -->
</testsuite> <!-- Default test -->
