<?xml version="1.0" encoding="UTF-8"?>
<!-- Generated by org.testng.reporters.JUnitXMLReporter -->
<testsuite hostname="Jaspreet2893-Mac.local" ignored="1" name="iPhone8" tests="9" failures="0" timestamp="2020-12-11T09:18:33 IST" time="31.392" errors="0">
  <testcase name="@BeforeMethod beforeLocalMethod" time="11.264" classname="com.pom.crimson.testcases.home.HomePageTest">
    <failure type="java.lang.IllegalArgumentException" message="@$Proxy10: one of [uiAutomator, accessibility, className, id, tagName, name, xpath, linkText, partialLinkText, windowsAutomation, iOSClassChain, androidDataMatcher, iOSNsPredicate] should be filled">
      <![CDATA[java.lang.IllegalArgumentException: @$Proxy10: one of [uiAutomator, accessibility, className, id, tagName, name, xpath, linkText, partialLinkText, windowsAutomation, iOSClassChain, androidDataMatcher, iOSNsPredicate] should be filled
at io.appium.java_client.pagefactory.bys.builder.AppiumByBuilder.getFilledValue(AppiumByBuilder.java:108)
at io.appium.java_client.pagefactory.bys.builder.AppiumByBuilder.createBy(AppiumByBuilder.java:147)
at io.appium.java_client.pagefactory.DefaultElementByBuilder.getBys(DefaultElementByBuilder.java:133)
at io.appium.java_client.pagefactory.DefaultElementByBuilder.buildMobileNativeBy(DefaultElementByBuilder.java:175)
at io.appium.java_client.pagefactory.DefaultElementByBuilder.buildBy(DefaultElementByBuilder.java:204)
at io.appium.java_client.pagefactory.AppiumElementLocatorFactory.createLocator(AppiumElementLocatorFactory.java:66)
at io.appium.java_client.pagefactory.AppiumElementLocatorFactory.createLocator(AppiumElementLocatorFactory.java:53)
at io.appium.java_client.pagefactory.AppiumElementLocatorFactory.createLocator(AppiumElementLocatorFactory.java:1)
at org.openqa.selenium.support.pagefactory.DefaultFieldDecorator.decorate(DefaultFieldDecorator.java:56)
at io.appium.java_client.pagefactory.AppiumFieldDecorator.decorate(AppiumFieldDecorator.java:160)
at org.openqa.selenium.support.PageFactory.proxyFields(PageFactory.java:113)
at org.openqa.selenium.support.PageFactory.initElements(PageFactory.java:105)
at com.pom.crimson.base.BasePage.<init>(BasePage.java:58)
at com.pom.crimson.pages.HomePage.<init>(HomePage.java:265)
at com.pom.crimson.testcases.home.HomePageTest.beforeLocalMethod(HomePageTest.java:64)
at java.util.ArrayList.forEach(ArrayList.java:1259)
at java.util.concurrent.FutureTask.run(FutureTask.java:266)
at java.util.concurrent.ThreadPoolExecutor.runWorker(ThreadPoolExecutor.java:1149)
at java.util.concurrent.ThreadPoolExecutor$Worker.run(ThreadPoolExecutor.java:624)
at java.lang.Thread.run(Thread.java:748)
... Removed 22 stack frames]]>
    </failure>
  </testcase> <!-- @BeforeMethod beforeLocalMethod -->
  <testcase name="@AfterMethod afterMethod" time="-1.607658507931E9" classname="com.pom.crimson.base.BaseFixture">
    <skipped/>
  </testcase> <!-- @AfterMethod afterMethod -->
  <testcase name="@BeforeMethod beforeMethod" time="-1.607658507933E9" classname="com.pom.crimson.base.BaseFixture">
    <skipped/>
  </testcase> <!-- @BeforeMethod beforeMethod -->
  <testcase name="@BeforeMethod beforeLocalMethod" time="-1.607658507934E9" classname="com.pom.crimson.testcases.home.HomePageTest">
    <skipped/>
  </testcase> <!-- @BeforeMethod beforeLocalMethod -->
  <testcase name="@AfterMethod afterMethod" time="-1.607658508025E9" classname="com.pom.crimson.base.BaseFixture">
    <skipped/>
  </testcase> <!-- @AfterMethod afterMethod -->
  <testcase name="@BeforeMethod beforeMethod" time="-1.607658508026E9" classname="com.pom.crimson.base.BaseFixture">
    <skipped/>
  </testcase> <!-- @BeforeMethod beforeMethod -->
  <testcase name="@BeforeMethod beforeLocalMethod" time="-1.607658508027E9" classname="com.pom.crimson.testcases.home.HomePageTest">
    <skipped/>
  </testcase> <!-- @BeforeMethod beforeLocalMethod -->
  <testcase name="@AfterMethod afterMethod" time="-1.607658508102E9" classname="com.pom.crimson.base.BaseFixture">
    <skipped/>
  </testcase> <!-- @AfterMethod afterMethod -->
  <testcase name="@BeforeMethod beforeMethod" time="-1.607658508104E9" classname="com.pom.crimson.base.BaseFixture">
    <skipped/>
  </testcase> <!-- @BeforeMethod beforeMethod -->
  <testcase name="@BeforeMethod beforeLocalMethod" time="-1.607658508104E9" classname="com.pom.crimson.testcases.home.HomePageTest">
    <skipped/>
  </testcase> <!-- @BeforeMethod beforeLocalMethod -->
  <testcase name="@AfterMethod afterMethod" time="-1.607658508167E9" classname="com.pom.crimson.base.BaseFixture">
    <skipped/>
  </testcase> <!-- @AfterMethod afterMethod -->
  <testcase name="@BeforeMethod beforeMethod" time="-1.607658508169E9" classname="com.pom.crimson.base.BaseFixture">
    <skipped/>
  </testcase> <!-- @BeforeMethod beforeMethod -->
  <testcase name="@BeforeMethod beforeLocalMethod" time="-1.607658508169E9" classname="com.pom.crimson.testcases.home.HomePageTest">
    <skipped/>
  </testcase> <!-- @BeforeMethod beforeLocalMethod -->
  <testcase name="@AfterMethod afterMethod" time="-1.607658508228E9" classname="com.pom.crimson.base.BaseFixture">
    <skipped/>
  </testcase> <!-- @AfterMethod afterMethod -->
  <testcase name="@BeforeMethod beforeMethod" time="-1.60765850823E9" classname="com.pom.crimson.base.BaseFixture">
    <skipped/>
  </testcase> <!-- @BeforeMethod beforeMethod -->
  <testcase name="@BeforeMethod beforeLocalMethod" time="-1.60765850823E9" classname="com.pom.crimson.testcases.home.HomePageTest">
    <skipped/>
  </testcase> <!-- @BeforeMethod beforeLocalMethod -->
  <testcase name="@AfterMethod afterMethod" time="-1.607658508301E9" classname="com.pom.crimson.base.BaseFixture">
    <skipped/>
  </testcase> <!-- @AfterMethod afterMethod -->
  <testcase name="@BeforeMethod beforeMethod" time="-1.607658508303E9" classname="com.pom.crimson.base.BaseFixture">
    <skipped/>
  </testcase> <!-- @BeforeMethod beforeMethod -->
  <testcase name="@BeforeMethod beforeLocalMethod" time="-1.607658508303E9" classname="com.pom.crimson.testcases.home.HomePageTest">
    <skipped/>
  </testcase> <!-- @BeforeMethod beforeLocalMethod -->
  <testcase name="@AfterMethod afterMethod" time="-1.607658508384E9" classname="com.pom.crimson.base.BaseFixture">
    <skipped/>
  </testcase> <!-- @AfterMethod afterMethod -->
  <testcase name="@BeforeMethod beforeMethod" time="-1.607658508385E9" classname="com.pom.crimson.base.BaseFixture">
    <skipped/>
  </testcase> <!-- @BeforeMethod beforeMethod -->
  <testcase name="@BeforeMethod beforeLocalMethod" time="-1.607658508386E9" classname="com.pom.crimson.testcases.home.HomePageTest">
    <skipped/>
  </testcase> <!-- @BeforeMethod beforeLocalMethod -->
  <testcase name="@AfterMethod afterMethod" time="-1.607658508451E9" classname="com.pom.crimson.base.BaseFixture">
    <skipped/>
  </testcase> <!-- @AfterMethod afterMethod -->
  <testcase name="@BeforeMethod beforeMethod" time="-1.607658508452E9" classname="com.pom.crimson.base.BaseFixture">
    <skipped/>
  </testcase> <!-- @BeforeMethod beforeMethod -->
  <testcase name="@BeforeMethod beforeLocalMethod" time="-1.607658508453E9" classname="com.pom.crimson.testcases.home.HomePageTest">
    <skipped/>
  </testcase> <!-- @BeforeMethod beforeLocalMethod -->
  <testcase name="@AfterMethod afterMethod" time="-1.607658508521E9" classname="com.pom.crimson.base.BaseFixture">
    <skipped/>
  </testcase> <!-- @AfterMethod afterMethod -->
  <testcase name="@AfterTest afterTest" time="-1.607658508522E9" classname="com.pom.crimson.base.BaseFixture">
    <skipped/>
  </testcase> <!-- @AfterTest afterTest -->
  <testcase name="verifyShareInOtherApps_HomePageTest" time="0.0" classname="com.pom.crimson.testcases.home.HomePageTest">
    <skipped/>
  </testcase> <!-- verifyShareInOtherApps_HomePageTest -->
  <testcase name="verifyNavigationToExplorePage_HomePageTest" time="0.0" classname="com.pom.crimson.testcases.home.HomePageTest">
    <skipped/>
  </testcase> <!-- verifyNavigationToExplorePage_HomePageTest -->
  <testcase name="verifyNavigationToRecommendedContentAndClickSeeAll_HomePageTest" time="0.0" classname="com.pom.crimson.testcases.home.HomePageTest">
    <skipped/>
  </testcase> <!-- verifyNavigationToRecommendedContentAndClickSeeAll_HomePageTest -->
  <testcase name="verifyNavigationToContentPage_HomePageTest" time="0.0" classname="com.pom.crimson.testcases.home.HomePageTest">
    <skipped/>
  </testcase> <!-- verifyNavigationToContentPage_HomePageTest -->
  <testcase name="verifyLike_HomePageTest" time="0.0" classname="com.pom.crimson.testcases.home.HomePageTest">
    <skipped/>
  </testcase> <!-- verifyLike_HomePageTest -->
  <testcase name="verifyUnlike_HomePageTest" time="0.0" classname="com.pom.crimson.testcases.home.HomePageTest">
    <skipped/>
  </testcase> <!-- verifyUnlike_HomePageTest -->
  <testcase name="verifyBookMark_HomePageTest" time="0.0" classname="com.pom.crimson.testcases.home.HomePageTest">
    <skipped/>
  </testcase> <!-- verifyBookMark_HomePageTest -->
  <testcase name="verifyRemoveBookMark_HomePageTest" time="0.0" classname="com.pom.crimson.testcases.home.HomePageTest">
    <skipped/>
  </testcase> <!-- verifyRemoveBookMark_HomePageTest -->
  <testcase name="verifyShareInGroupChat_HomePageTest" time="0.0" classname="com.pom.crimson.testcases.home.HomePageTest">
    <skipped/>
  </testcase> <!-- verifyShareInGroupChat_HomePageTest -->
  <testcase name="verifyNavigationToMomentsLogPage_HomePageTest" time="0.0" classname="com.pom.crimson.testcases.home.HomePageTest">
    <ignored/>
  </testcase> <!-- verifyNavigationToMomentsLogPage_HomePageTest -->
</testsuite> <!-- iPhone8 -->
