<?xml version="1.0" encoding="UTF-8"?>
<!-- Generated by org.testng.reporters.JUnitXMLReporter -->
<testsuite hostname="IN-C02D733KMD6M.local" ignored="0" name="Pixel 2 API 26" tests="1" failures="1" timestamp="2022-05-18T16:25:27 IST" time="18.449" errors="0">
  <testcase name="flow1Test" time="7.254" classname="com.automation.testcases.mobile.Flow1Test">
    <failure type="java.lang.NoSuchMethodException" message="com.automation.pages.mobile.DragandDropPage.&amp;lt;init&amp;gt;(io.appium.java_client.android.AndroidDriver, com.aventstack.extentreports.ExtentTest)">
      <![CDATA[java.lang.NoSuchMethodException: com.automation.pages.mobile.DragandDropPage.<init>(io.appium.java_client.android.AndroidDriver, com.aventstack.extentreports.ExtentTest)
at java.lang.Class.getConstructor0(Class.java:3082)
at java.lang.Class.getConstructor(Class.java:1825)
at com.automation.pages.mobile.ViewsPage.getPage(ViewsPage.java:83)
at com.automation.pages.mobile.ViewsPage.scrollToElementAndClick(ViewsPage.java:74)
at com.automation.testcases.mobile.Flow1Test.flow1Test(Flow1Test.java:39)
at java.util.ArrayList.forEach(ArrayList.java:1259)
at java.util.concurrent.FutureTask.run(FutureTask.java:266)
at java.util.concurrent.ThreadPoolExecutor.runWorker(ThreadPoolExecutor.java:1149)
at java.util.concurrent.ThreadPoolExecutor$Worker.run(ThreadPoolExecutor.java:624)
at java.lang.Thread.run(Thread.java:748)
... Removed 18 stack frames]]>
    </failure>
  </testcase> <!-- flow1Test -->
</testsuite> <!-- Pixel 2 API 26 -->
