<?xml version="1.0" encoding="UTF-8"?>
<!-- Generated by org.testng.reporters.JUnitReportReporter -->
<testsuite skipped="0" hostname="IN-C02D733KMD6M.local" name="com.automation.testcases.mobile.Flow1Test" tests="1" failures="0" timestamp="2022-05-18T16:25:27 IST" time="7.538" errors="1">
  <testcase name="flow1Test" time="7.538" classname="com.automation.testcases.mobile.Flow1Test">
    <error type="java.lang.NoSuchMethodException" message="com.automation.pages.mobile.DragandDropPage.&lt;init&gt;(io.appium.java_client.android.AndroidDriver, com.aventstack.extentreports.ExtentTest)">
      <![CDATA[java.lang.NoSuchMethodException: com.automation.pages.mobile.DragandDropPage.<init>(io.appium.java_client.android.AndroidDriver, com.aventstack.extentreports.ExtentTest)
at java.lang.Class.getConstructor0(Class.java:3082)
at java.lang.Class.getConstructor(Class.java:1825)
at com.automation.pages.mobile.ViewsPage.getPage(ViewsPage.java:83)
at com.automation.pages.mobile.ViewsPage.scrollToElementAndClick(ViewsPage.java:74)
at com.automation.testcases.mobile.Flow1Test.flow1Test(Flow1Test.java:39)
at sun.reflect.NativeMethodAccessorImpl.invoke0(Native Method)
at sun.reflect.NativeMethodAccessorImpl.invoke(NativeMethodAccessorImpl.java:62)
at sun.reflect.DelegatingMethodAccessorImpl.invoke(DelegatingMethodAccessorImpl.java:43)
at java.lang.reflect.Method.invoke(Method.java:498)
at org.testng.internal.MethodInvocationHelper.invokeMethod(MethodInvocationHelper.java:134)
at org.testng.internal.TestInvoker.invokeMethod(TestInvoker.java:597)
at org.testng.internal.TestInvoker.invokeTestMethod(TestInvoker.java:173)
at org.testng.internal.MethodRunner.runInSequence(MethodRunner.java:46)
at org.testng.internal.TestInvoker$MethodInvocationAgent.invoke(TestInvoker.java:816)
at org.testng.internal.TestInvoker.invokeTestMethods(TestInvoker.java:146)
at org.testng.internal.TestMethodWorker.invokeTestMethods(TestMethodWorker.java:146)
at org.testng.internal.TestMethodWorker.run(TestMethodWorker.java:128)
at java.util.ArrayList.forEach(ArrayList.java:1259)
at org.testng.TestRunner.privateRun(TestRunner.java:766)
at org.testng.TestRunner.run(TestRunner.java:587)
at org.testng.SuiteRunner.runTest(SuiteRunner.java:384)
at org.testng.SuiteRunner.access$000(SuiteRunner.java:28)
at org.testng.SuiteRunner$SuiteWorker.run(SuiteRunner.java:425)
at org.testng.internal.thread.ThreadUtil.lambda$execute$0(ThreadUtil.java:68)
at java.util.concurrent.FutureTask.run(FutureTask.java:266)
at java.util.concurrent.ThreadPoolExecutor.runWorker(ThreadPoolExecutor.java:1149)
at java.util.concurrent.ThreadPoolExecutor$Worker.run(ThreadPoolExecutor.java:624)
at java.lang.Thread.run(Thread.java:748)
]]>
    </error>
  </testcase> <!-- flow1Test -->
  <system-out/>
</testsuite> <!-- com.automation.testcases.mobile.Flow1Test -->
