<?xml version="1.0" encoding="UTF-8"?>
<!-- Generated by org.testng.reporters.JUnitReportReporter -->
<testsuite skipped="1" hostname="Jaspreet2893-Mac.local" name="com.pom.crimson.testcases.momentlog.smoke.EmptyStateTest" tests="2" failures="0" timestamp="2020-12-15T11:29:52 IST" time="-1608012032.000" errors="1">
  <testcase name="beforeTest" time="-1608012032.000" classname="com.pom.crimson.testcases.momentlog.smoke.EmptyStateTest">
    <error type="org.testng.TestNGException" message="
Parameter &#039;platformName&#039; is required by BeforeTest on method beforeTest but has not been marked @Optional or defined
in /private/var/folders/yc/cpj0dgpd3gzf_ppj2br1svww0000gq/T/testng-eclipse-1091284018/testng-customsuite.xml">
      <![CDATA[org.testng.TestNGException: 
Parameter 'platformName' is required by BeforeTest on method beforeTest but has not been marked @Optional or defined
in /private/var/folders/yc/cpj0dgpd3gzf_ppj2br1svww0000gq/T/testng-eclipse-1091284018/testng-customsuite.xml
at org.testng.internal.Parameters.createParams(Parameters.java:272)
at org.testng.internal.Parameters.createParametersForMethod(Parameters.java:360)
at org.testng.internal.Parameters.createParameters(Parameters.java:704)
at org.testng.internal.Parameters.createConfigurationParameters(Parameters.java:166)
at org.testng.internal.ConfigInvoker.invokeConfigurations(ConfigInvoker.java:283)
at org.testng.TestRunner.invokeTestConfigurations(TestRunner.java:619)
at org.testng.TestRunner.beforeRun(TestRunner.java:609)
at org.testng.TestRunner.run(TestRunner.java:580)
at org.testng.SuiteRunner.runTest(SuiteRunner.java:384)
at org.testng.SuiteRunner.runSequentially(SuiteRunner.java:378)
at org.testng.SuiteRunner.privateRun(SuiteRunner.java:337)
at org.testng.SuiteRunner.run(SuiteRunner.java:286)
at org.testng.SuiteRunnerWorker.runSuite(SuiteRunnerWorker.java:53)
at org.testng.SuiteRunnerWorker.run(SuiteRunnerWorker.java:96)
at org.testng.TestNG.runSuitesSequentially(TestNG.java:1187)
at org.testng.TestNG.runSuitesLocally(TestNG.java:1109)
at org.testng.TestNG.runSuites(TestNG.java:1039)
at org.testng.TestNG.run(TestNG.java:1007)
at org.testng.remote.AbstractRemoteTestNG.run(AbstractRemoteTestNG.java:115)
at org.testng.remote.RemoteTestNG.initAndRun(RemoteTestNG.java:251)
at org.testng.remote.RemoteTestNG.main(RemoteTestNG.java:77)
]]>
    </error>
  </testcase> <!-- beforeTest -->
  <system-out/>
  <testcase name="verifyEmptyStateVaccineLogPage_EmptyStateTest" time="0.000" classname="com.pom.crimson.testcases.momentlog.smoke.EmptyStateTest">
    <skipped/>
  </testcase> <!-- verifyEmptyStateVaccineLogPage_EmptyStateTest -->
  <system-out/>
</testsuite> <!-- com.pom.crimson.testcases.momentlog.smoke.EmptyStateTest -->
