<?xml version="1.0" encoding="UTF-8"?>
<!-- Generated by org.testng.reporters.JUnitReportReporter -->
<testsuite skipped="16" hostname="Jaspreet2893-Mac.local" name="com.pom.crimson.testcases.MomentLog.AddNewMoment.AddNewMomentTest" tests="18" failures="0" timestamp="2020-11-09T21:03:00 IST" time="162.035" errors="1">
  <testcase name="verifyMomentDeletion" time="108.683" classname="com.pom.crimson.testcases.MomentLog.AddNewMoment.AddNewMomentTest">
    <error type="org.openqa.selenium.NoSuchElementException" message="An element could not be located on the page using the given search parameters.
For documentation on this error, please visit: https://www.seleniumhq.org/exceptions/no_such_element.html
Build info: version: &#039;3.141.59&#039;, revision: &#039;e82be7d358&#039;, time: &#039;2018-11-14T08:17:03&#039;
System info: host: &#039;Jaspreet2893-Mac.local&#039;, ip: &#039;fe80:0:0:0:1c6a:3d20:364f:f8d3%en0&#039;, os.name: &#039;Mac OS X&#039;, os.arch: &#039;x86_64&#039;, os.version: &#039;10.15.6&#039;, java.version: &#039;1.8.0_261&#039;
Driver info: io.appium.java_client.android.AndroidDriver
Capabilities {app: /Users/jaspreetchagger/Proj..., appActivity: com.aia.rn.th.dp01.MainActi..., appPackage: com.aia.rn.th.dp01, automationName: UiAutomator2, avd: Pixel_3a_XL_API_28, avdLaunchTimeout: 120000, chromeDriverPort: 11000, databaseEnabled: false, desired: {app: /Users/jaspreetchagger/Proj..., appActivity: com.aia.rn.th.dp01.MainActi..., appPackage: com.aia.rn.th.dp01, automationName: UiAutomator2, avd: Pixel_3a_XL_API_28, avdLaunchTimeout: 120000, chromeDriverPort: 11000, deviceName: Pixel_3a_XL_API_28, fullReset: false, noReset: true, platformName: android, platformVersion: 9.0, systemPort: 10000}, deviceApiLevel: 28, deviceManufacturer: Google, deviceModel: Android SDK built for x86_64, deviceName: emulator-5554, deviceScreenDensity: 400, deviceScreenSize: 1080x2160, deviceUDID: emulator-5554, fullReset: false, javascriptEnabled: true, locationContextEnabled: false, networkConnectionEnabled: true, noReset: true, pixelRatio: 2.5, platform: LINUX, platformName: Android, platformVersion: 9, statBarHeight: 60, systemPort: 10000, takesScreenshot: true, viewportRect: {height: 1980, left: 0, top: 60, width: 1080}, warnings: {}, webStorageEnabled: false}
Session ID: 3c5fa673-8273-4d69-8a23-b0229e20b4fe
*** Element info: {Using=-android uiautomator, value=new UiScrollable(new UiSelector().scrollable(true)).scrollIntoView(new UiSelector().text(&quot;Mb68y3cnBMkQKOdWlbqD&quot;));}">
      <![CDATA[org.openqa.selenium.NoSuchElementException: An element could not be located on the page using the given search parameters.
For documentation on this error, please visit: https://www.seleniumhq.org/exceptions/no_such_element.html
Build info: version: '3.141.59', revision: 'e82be7d358', time: '2018-11-14T08:17:03'
System info: host: 'Jaspreet2893-Mac.local', ip: 'fe80:0:0:0:1c6a:3d20:364f:f8d3%en0', os.name: 'Mac OS X', os.arch: 'x86_64', os.version: '10.15.6', java.version: '1.8.0_261'
Driver info: io.appium.java_client.android.AndroidDriver
Capabilities {app: /Users/jaspreetchagger/Proj..., appActivity: com.aia.rn.th.dp01.MainActi..., appPackage: com.aia.rn.th.dp01, automationName: UiAutomator2, avd: Pixel_3a_XL_API_28, avdLaunchTimeout: 120000, chromeDriverPort: 11000, databaseEnabled: false, desired: {app: /Users/jaspreetchagger/Proj..., appActivity: com.aia.rn.th.dp01.MainActi..., appPackage: com.aia.rn.th.dp01, automationName: UiAutomator2, avd: Pixel_3a_XL_API_28, avdLaunchTimeout: 120000, chromeDriverPort: 11000, deviceName: Pixel_3a_XL_API_28, fullReset: false, noReset: true, platformName: android, platformVersion: 9.0, systemPort: 10000}, deviceApiLevel: 28, deviceManufacturer: Google, deviceModel: Android SDK built for x86_64, deviceName: emulator-5554, deviceScreenDensity: 400, deviceScreenSize: 1080x2160, deviceUDID: emulator-5554, fullReset: false, javascriptEnabled: true, locationContextEnabled: false, networkConnectionEnabled: true, noReset: true, pixelRatio: 2.5, platform: LINUX, platformName: Android, platformVersion: 9, statBarHeight: 60, systemPort: 10000, takesScreenshot: true, viewportRect: {height: 1980, left: 0, top: 60, width: 1080}, warnings: {}, webStorageEnabled: false}
Session ID: 3c5fa673-8273-4d69-8a23-b0229e20b4fe
*** Element info: {Using=-android uiautomator, value=new UiScrollable(new UiSelector().scrollable(true)).scrollIntoView(new UiSelector().text("Mb68y3cnBMkQKOdWlbqD"));}
at sun.reflect.NativeConstructorAccessorImpl.newInstance0(Native Method)
at sun.reflect.NativeConstructorAccessorImpl.newInstance(NativeConstructorAccessorImpl.java:62)
at sun.reflect.DelegatingConstructorAccessorImpl.newInstance(DelegatingConstructorAccessorImpl.java:45)
at java.lang.reflect.Constructor.newInstance(Constructor.java:423)
at org.openqa.selenium.remote.http.W3CHttpResponseCodec.createException(W3CHttpResponseCodec.java:187)
at org.openqa.selenium.remote.http.W3CHttpResponseCodec.decode(W3CHttpResponseCodec.java:122)
at org.openqa.selenium.remote.http.W3CHttpResponseCodec.decode(W3CHttpResponseCodec.java:49)
at org.openqa.selenium.remote.HttpCommandExecutor.execute(HttpCommandExecutor.java:158)
at io.appium.java_client.remote.AppiumCommandExecutor.execute(AppiumCommandExecutor.java:239)
at org.openqa.selenium.remote.RemoteWebDriver.execute(RemoteWebDriver.java:552)
at io.appium.java_client.DefaultGenericMobileDriver.execute(DefaultGenericMobileDriver.java:41)
at io.appium.java_client.AppiumDriver.execute(AppiumDriver.java:1)
at io.appium.java_client.android.AndroidDriver.execute(AndroidDriver.java:1)
at org.openqa.selenium.remote.RemoteWebDriver.findElement(RemoteWebDriver.java:323)
at io.appium.java_client.DefaultGenericMobileDriver.findElement(DefaultGenericMobileDriver.java:61)
at io.appium.java_client.AppiumDriver.findElement(AppiumDriver.java:1)
at io.appium.java_client.android.AndroidDriver.findElement(AndroidDriver.java:1)
at io.appium.java_client.FindsByAndroidUIAutomator.findElementByAndroidUIAutomator(FindsByAndroidUIAutomator.java:38)
at io.appium.java_client.MobileBy$ByAndroidUIAutomator.findElement(MobileBy.java:210)
at org.openqa.selenium.remote.RemoteWebDriver.findElement(RemoteWebDriver.java:315)
at io.appium.java_client.DefaultGenericMobileDriver.findElement(DefaultGenericMobileDriver.java:57)
at io.appium.java_client.AppiumDriver.findElement(AppiumDriver.java:1)
at io.appium.java_client.android.AndroidDriver.findElement(AndroidDriver.java:1)
at com.pom.crimson.functions.GenericFunctions.androidScroll(GenericFunctions.java:183)
at com.pom.crimson.functions.GenericFunctions.scroll(GenericFunctions.java:228)
at com.pom.crimson.base.BasePage.scrollToSection(BasePage.java:92)
at com.pom.crimson.testcases.MomentLog.AddNewMoment.AddNewMomentTest.verifyMomentDeletion(AddNewMomentTest.java:282)
at sun.reflect.NativeMethodAccessorImpl.invoke0(Native Method)
at sun.reflect.NativeMethodAccessorImpl.invoke(NativeMethodAccessorImpl.java:62)
at sun.reflect.DelegatingMethodAccessorImpl.invoke(DelegatingMethodAccessorImpl.java:43)
at java.lang.reflect.Method.invoke(Method.java:498)
at org.testng.internal.MethodInvocationHelper.invokeMethod(MethodInvocationHelper.java:134)
at org.testng.internal.TestInvoker.invokeMethod(TestInvoker.java:597)
at org.testng.internal.TestInvoker.invokeTestMethod(TestInvoker.java:173)
at org.testng.internal.MethodRunner.runInSequence(MethodRunner.java:46)
at org.testng.internal.TestInvoker$MethodInvocationAgent.invoke(TestInvoker.java:816)
at org.testng.internal.TestInvoker.invokeTestMethods(TestInvoker.java:146)
at org.testng.internal.TestMethodWorker.invokeTestMethods(TestMethodWorker.java:146)
at org.testng.internal.TestMethodWorker.run(TestMethodWorker.java:128)
at java.util.ArrayList.forEach(ArrayList.java:1259)
at org.testng.TestRunner.privateRun(TestRunner.java:766)
at org.testng.TestRunner.run(TestRunner.java:587)
at org.testng.SuiteRunner.runTest(SuiteRunner.java:384)
at org.testng.SuiteRunner.access$000(SuiteRunner.java:28)
at org.testng.SuiteRunner$SuiteWorker.run(SuiteRunner.java:425)
at org.testng.internal.thread.ThreadUtil.lambda$execute$0(ThreadUtil.java:68)
at java.util.concurrent.FutureTask.run(FutureTask.java:266)
at java.util.concurrent.ThreadPoolExecutor.runWorker(ThreadPoolExecutor.java:1149)
at java.util.concurrent.ThreadPoolExecutor$Worker.run(ThreadPoolExecutor.java:624)
at java.lang.Thread.run(Thread.java:748)
]]>
    </error>
  </testcase> <!-- verifyMomentDeletion -->
  <system-out/>
  <testcase name="verifyMomentCreationWithPregnancyMilestone" time="53.352" classname="com.pom.crimson.testcases.MomentLog.AddNewMoment.AddNewMomentTest"/>
  <system-out/>
  <testcase name="verifyMomentForMyself" classname="com.pom.crimson.testcases.MomentLog.AddNewMoment.AddNewMomentTest">
    <skipped/>
  </testcase> <!-- verifyMomentForMyself -->
  <system-out/>
  <testcase name="verifyCameraReject" classname="com.pom.crimson.testcases.MomentLog.AddNewMoment.AddNewMomentTest">
    <skipped/>
  </testcase> <!-- verifyCameraReject -->
  <system-out/>
  <testcase name="selectPastYear" classname="com.pom.crimson.testcases.MomentLog.AddNewMoment.AddNewMomentTest">
    <skipped/>
  </testcase> <!-- selectPastYear -->
  <system-out/>
  <testcase name="selectPastMonth" classname="com.pom.crimson.testcases.MomentLog.AddNewMoment.AddNewMomentTest">
    <skipped/>
  </testcase> <!-- selectPastMonth -->
  <system-out/>
  <testcase name="verifyCalendarPicker" classname="com.pom.crimson.testcases.MomentLog.AddNewMoment.AddNewMomentTest">
    <skipped/>
  </testcase> <!-- verifyCalendarPicker -->
  <system-out/>
  <testcase name="verifyDoneOnAddNewMomentPage" classname="com.pom.crimson.testcases.MomentLog.AddNewMoment.AddNewMomentTest">
    <skipped/>
  </testcase> <!-- verifyDoneOnAddNewMomentPage -->
  <system-out/>
  <testcase name="selectMultipleImageFromGallery" classname="com.pom.crimson.testcases.MomentLog.AddNewMoment.AddNewMomentTest">
    <skipped/>
  </testcase> <!-- selectMultipleImageFromGallery -->
  <system-out/>
  <testcase name="verifyManageProfileLink" classname="com.pom.crimson.testcases.MomentLog.AddNewMoment.AddNewMomentTest">
    <skipped/>
  </testcase> <!-- verifyManageProfileLink -->
  <system-out/>
  <testcase name="verifyPregnancyMilestoneIsDisplayed" classname="com.pom.crimson.testcases.MomentLog.AddNewMoment.AddNewMomentTest">
    <skipped/>
  </testcase> <!-- verifyPregnancyMilestoneIsDisplayed -->
  <system-out/>
  <testcase name="verifyNavigationToAddNewMomentPage" classname="com.pom.crimson.testcases.MomentLog.AddNewMoment.AddNewMomentTest">
    <skipped/>
  </testcase> <!-- verifyNavigationToAddNewMomentPage -->
  <system-out/>
  <testcase name="verifyCreateMomentWithNote" classname="com.pom.crimson.testcases.MomentLog.AddNewMoment.AddNewMomentTest">
    <skipped/>
  </testcase> <!-- verifyCreateMomentWithNote -->
  <system-out/>
  <testcase name="selectSingleImageFromGallery" classname="com.pom.crimson.testcases.MomentLog.AddNewMoment.AddNewMomentTest">
    <skipped/>
  </testcase> <!-- selectSingleImageFromGallery -->
  <system-out/>
  <testcase name="verifyCameraRetake" classname="com.pom.crimson.testcases.MomentLog.AddNewMoment.AddNewMomentTest">
    <skipped/>
  </testcase> <!-- verifyCameraRetake -->
  <system-out/>
  <testcase name="verifyCameraToggle" classname="com.pom.crimson.testcases.MomentLog.AddNewMoment.AddNewMomentTest">
    <skipped/>
  </testcase> <!-- verifyCameraToggle -->
  <system-out/>
  <testcase name="verifyCameraAccept" classname="com.pom.crimson.testcases.MomentLog.AddNewMoment.AddNewMomentTest">
    <skipped/>
  </testcase> <!-- verifyCameraAccept -->
  <system-out/>
  <testcase name="verifyMomentCreationForExperiencedParents" classname="com.pom.crimson.testcases.MomentLog.AddNewMoment.AddNewMomentTest">
    <skipped/>
  </testcase> <!-- verifyMomentCreationForExperiencedParents -->
  <system-out/>
</testsuite> <!-- com.pom.crimson.testcases.MomentLog.AddNewMoment.AddNewMomentTest -->
